[14/10/2018]:23-21'-31" - [INIT ]:[ --------------- Session initialized --------------- ]
[14/10/2018]:23-21'-31" - [ERROR ]:At least one of the line member is empty. Line number is [6]
[14/10/2018]:23-21'-31" - [ERROR ]:Line content : "Public       :"
[14/10/2018]:23-21'-31" - [WARNING ]:[ ConfigTools.cpp : ConfObject::get_ext_property()-ln:352 ] = Extension : .html : Does not have single line comment marker 
[14/10/2018]:23-21'-31" - [WARNING ]:[ LicenseChecker.cpp : LicenseChecker::checkForLicenses()-ln:520 ] = Current extension does not implement all comment marker types : Single line comment is empty !
[14/10/2018]:23-21'-31" - [WARNING ]:[ ConfigTools.cpp : ConfObject::get_ext_property()-ln:342 ] = Extension : .vb : Does not have bloc comment opening marker
[14/10/2018]:23-21'-31" - [WARNING ]:[ ConfigTools.cpp : ConfObject::get_ext_property()-ln:332 ] = Extension : .vb : Does not have bloc comment closing marker
[14/10/2018]:23-21'-31" - [WARNING ]:[ LicenseChecker.cpp : LicenseChecker::checkForLicenses()-ln:520 ] = Current extension does not implement all comment marker types : Block comment marker are empty! 
[14/10/2018]:23-21'-31" - [WARNING ]:[ ConfigTools.cpp : ConfObject::get_ext_property()-ln:352 ] = Extension : .xml : Does not have single line comment marker 
[14/10/2018]:23-21'-31" - [WARNING ]:[ LicenseChecker.cpp : LicenseChecker::checkForLicenses()-ln:520 ] = Current extension does not implement all comment marker types : Single line comment is empty !
[14/10/2018]:23-21'-31" - [WARNING ]:[ ConfigTools.cpp : ConfObject::get_ext_property()-ln:342 ] = Extension : .yaml : Does not have bloc comment opening marker
[14/10/2018]:23-21'-31" - [WARNING ]:[ ConfigTools.cpp : ConfObject::get_ext_property()-ln:332 ] = Extension : .yaml : Does not have bloc comment closing marker
[14/10/2018]:23-21'-31" - [WARNING ]:[ LicenseChecker.cpp : LicenseChecker::checkForLicenses()-ln:520 ] = Current extension does not implement all comment marker types : Block comment marker are empty! 
[14/10/2018]:23-21'-31" - [WARNING ]:[ ConfigTools.cpp : ConfObject::get_ext_property()-ln:352 ] = Extension : .html : Does not have single line comment marker 
[14/10/2018]:23-21'-31" - [WARNING ]:[ LicenseChecker.cpp : LicenseChecker::checkForLicenses()-ln:520 ] = Current extension does not implement all comment marker types : Single line comment is empty !
[14/10/2018]:23-21'-31" - [WARNING ]:[ ConfigTools.cpp : ConfObject::get_ext_property()-ln:342 ] = Extension : .vb : Does not have bloc comment opening marker
[14/10/2018]:23-21'-31" - [WARNING ]:[ ConfigTools.cpp : ConfObject::get_ext_property()-ln:332 ] = Extension : .vb : Does not have bloc comment closing marker
[14/10/2018]:23-21'-31" - [WARNING ]:[ LicenseChecker.cpp : LicenseChecker::checkForLicenses()-ln:520 ] = Current extension does not implement all comment marker types : Block comment marker are empty! 
[14/10/2018]:23-21'-32" - [WARNING ]:[ ConfigTools.cpp : ConfObject::get_ext_property()-ln:352 ] = Extension : .xml : Does not have single line comment marker 
[14/10/2018]:23-21'-32" - [WARNING ]:[ LicenseChecker.cpp : LicenseChecker::checkForLicenses()-ln:520 ] = Current extension does not implement all comment marker types : Single line comment is empty !
[14/10/2018]:23-21'-32" - [WARNING ]:[ ConfigTools.cpp : ConfObject::get_ext_property()-ln:342 ] = Extension : .yaml : Does not have bloc comment opening marker
[14/10/2018]:23-21'-32" - [WARNING ]:[ ConfigTools.cpp : ConfObject::get_ext_property()-ln:332 ] = Extension : .yaml : Does not have bloc comment closing marker
[14/10/2018]:23-21'-32" - [WARNING ]:[ LicenseChecker.cpp : LicenseChecker::checkForLicenses()-ln:520 ] = Current extension does not implement all comment marker types : Block comment marker are empty! 
[14/10/2018]:23-21'-32" - [WARNING ]:[ ConfigTools.cpp : ConfObject::get_ext_property()-ln:352 ] = Extension : .html : Does not have single line comment marker 
[14/10/2018]:23-21'-32" - [WARNING ]:[ LicenseChecker.cpp : LicenseChecker::checkForLicenses()-ln:520 ] = Current extension does not implement all comment marker types : Single line comment is empty !
[14/10/2018]:23-21'-32" - [WARNING ]:[ ConfigTools.cpp : ConfObject::get_ext_property()-ln:342 ] = Extension : .vb : Does not have bloc comment opening marker
[14/10/2018]:23-21'-32" - [WARNING ]:[ ConfigTools.cpp : ConfObject::get_ext_property()-ln:332 ] = Extension : .vb : Does not have bloc comment closing marker
[14/10/2018]:23-21'-32" - [WARNING ]:[ LicenseChecker.cpp : LicenseChecker::checkForLicenses()-ln:520 ] = Current extension does not implement all comment marker types : Block comment marker are empty! 
[14/10/2018]:23-21'-32" - [WARNING ]:[ ConfigTools.cpp : ConfObject::get_ext_property()-ln:352 ] = Extension : .xml : Does not have single line comment marker 
[14/10/2018]:23-21'-32" - [WARNING ]:[ LicenseChecker.cpp : LicenseChecker::checkForLicenses()-ln:520 ] = Current extension does not implement all comment marker types : Single line comment is empty !
[14/10/2018]:23-21'-32" - [WARNING ]:[ ConfigTools.cpp : ConfObject::get_ext_property()-ln:342 ] = Extension : .yaml : Does not have bloc comment opening marker
[14/10/2018]:23-21'-32" - [WARNING ]:[ ConfigTools.cpp : ConfObject::get_ext_property()-ln:332 ] = Extension : .yaml : Does not have bloc comment closing marker
[14/10/2018]:23-21'-32" - [WARNING ]:[ LicenseChecker.cpp : LicenseChecker::checkForLicenses()-ln:520 ] = Current extension does not implement all comment marker types : Block comment marker are empty! 
[14/10/2018]:23-21'-32" - [WARNING ]:[ ConfigTools.cpp : ConfObject::get_ext_property()-ln:352 ] = Extension : .html : Does not have single line comment marker 
[14/10/2018]:23-21'-32" - [WARNING ]:[ LicenseChecker.cpp : LicenseChecker::checkForLicenses()-ln:520 ] = Current extension does not implement all comment marker types : Single line comment is empty !
[14/10/2018]:23-21'-32" - [WARNING ]:[ ConfigTools.cpp : ConfObject::get_ext_property()-ln:342 ] = Extension : .py : Does not have bloc comment opening marker
[14/10/2018]:23-21'-32" - [WARNING ]:[ ConfigTools.cpp : ConfObject::get_ext_property()-ln:332 ] = Extension : .py : Does not have bloc comment closing marker
[14/10/2018]:23-21'-32" - [WARNING ]:[ LicenseChecker.cpp : LicenseChecker::checkForLicenses()-ln:520 ] = Current extension does not implement all comment marker types : Block comment marker are empty! 
[14/10/2018]:23-21'-32" - [WARNING ]:[ ConfigTools.cpp : ConfObject::get_ext_property()-ln:342 ] = Extension : .vb : Does not have bloc comment opening marker
[14/10/2018]:23-21'-32" - [WARNING ]:[ ConfigTools.cpp : ConfObject::get_ext_property()-ln:332 ] = Extension : .vb : Does not have bloc comment closing marker
[14/10/2018]:23-21'-32" - [WARNING ]:[ LicenseChecker.cpp : LicenseChecker::checkForLicenses()-ln:520 ] = Current extension does not implement all comment marker types : Block comment marker are empty! 
[14/10/2018]:23-21'-32" - [WARNING ]:[ ConfigTools.cpp : ConfObject::get_ext_property()-ln:352 ] = Extension : .xml : Does not have single line comment marker 
[14/10/2018]:23-21'-32" - [WARNING ]:[ LicenseChecker.cpp : LicenseChecker::checkForLicenses()-ln:520 ] = Current extension does not implement all comment marker types : Single line comment is empty !
[14/10/2018]:23-21'-32" - [WARNING ]:[ ConfigTools.cpp : ConfObject::get_ext_property()-ln:342 ] = Extension : .yaml : Does not have bloc comment opening marker
[14/10/2018]:23-21'-32" - [WARNING ]:[ ConfigTools.cpp : ConfObject::get_ext_property()-ln:332 ] = Extension : .yaml : Does not have bloc comment closing marker
[14/10/2018]:23-21'-32" - [WARNING ]:[ LicenseChecker.cpp : LicenseChecker::checkForLicenses()-ln:520 ] = Current extension does not implement all comment marker types : Block comment marker are empty! 
[14/10/2018]:23-21'-32" - [WARNING ]:[ ConfigTools.cpp : ConfObject::get_ext_property()-ln:352 ] = Extension : .html : Does not have single line comment marker 
[14/10/2018]:23-21'-32" - [WARNING ]:[ ConfigTools.cpp : ConfObject::get_ext_property()-ln:342 ] = Extension : .vb : Does not have bloc comment opening marker
[14/10/2018]:23-21'-32" - [WARNING ]:[ ConfigTools.cpp : ConfObject::get_ext_property()-ln:332 ] = Extension : .vb : Does not have bloc comment closing marker
[14/10/2018]:23-21'-32" - [WARNING ]:[ ConfigTools.cpp : ConfObject::get_ext_property()-ln:342 ] = Extension : .yaml : Does not have bloc comment opening marker
[14/10/2018]:23-21'-32" - [WARNING ]:[ ConfigTools.cpp : ConfObject::get_ext_property()-ln:332 ] = Extension : .yaml : Does not have bloc comment closing marker
